[2020-11-24T00:08:32.349707+00:00] upload_logger.NOTICE: Attempting to upload  [] []
[2020-11-24T00:08:32.359283+00:00] upload_logger.ERROR: File extension "" is not a supported format. [] []
[2020-11-24T00:08:32.359548+00:00] upload_logger.ERROR: Attempt to upload failed. Did not meet upload requirements. [] []
[2020-11-24T00:08:49.146728+00:00] upload_logger.NOTICE: Attempting to upload  [] []
[2020-11-24T00:08:49.148220+00:00] upload_logger.ERROR: File extension "" is not a supported format. [] []
[2020-11-24T00:08:49.148536+00:00] upload_logger.ERROR: Attempt to upload failed. Did not meet upload requirements. [] []
[2020-11-24T00:08:51.763363+00:00] upload_logger.NOTICE: Attempting to upload  [] []
[2020-11-24T00:08:51.764410+00:00] upload_logger.ERROR: File extension "" is not a supported format. [] []
[2020-11-24T00:08:51.764776+00:00] upload_logger.ERROR: Attempt to upload failed. Did not meet upload requirements. [] []
[2020-11-24T00:09:01.725505+00:00] upload_logger.NOTICE: Attempting to upload  [] []
[2020-11-24T00:09:01.726330+00:00] upload_logger.ERROR: File extension "" is not a supported format. [] []
[2020-11-24T00:09:01.726541+00:00] upload_logger.ERROR: Attempt to upload failed. Did not meet upload requirements. [] []
[2020-11-24T00:09:31.612752+00:00] upload_logger.NOTICE: Attempting to upload  [] []
[2020-11-24T00:09:31.613514+00:00] upload_logger.ERROR: File extension "" is not a supported format. [] []
[2020-11-24T00:09:31.613721+00:00] upload_logger.ERROR: Attempt to upload failed. Did not meet upload requirements. [] []
[2020-11-24T00:10:28.278317+00:00] upload_logger.NOTICE: Attempting to upload  [] []
[2020-11-24T00:10:28.279076+00:00] upload_logger.ERROR: File extension "" is not a supported format. [] []
[2020-11-24T00:10:28.279326+00:00] upload_logger.ERROR: Attempt to upload failed. Did not meet upload requirements. [] []
[2020-11-24T00:10:29.960982+00:00] upload_logger.NOTICE: Attempting to upload  [] []
[2020-11-24T00:10:29.961574+00:00] upload_logger.ERROR: File extension "" is not a supported format. [] []
[2020-11-24T00:10:29.961803+00:00] upload_logger.ERROR: Attempt to upload failed. Did not meet upload requirements. [] []
[2020-11-24T00:10:31.388969+00:00] upload_logger.NOTICE: Attempting to upload  [] []
[2020-11-24T00:10:31.389769+00:00] upload_logger.ERROR: File extension "" is not a supported format. [] []
[2020-11-24T00:10:31.389985+00:00] upload_logger.ERROR: Attempt to upload failed. Did not meet upload requirements. [] []
[2020-11-24T00:10:32.330909+00:00] upload_logger.NOTICE: Attempting to upload  [] []
[2020-11-24T00:10:32.331514+00:00] upload_logger.ERROR: File extension "" is not a supported format. [] []
[2020-11-24T00:10:32.331804+00:00] upload_logger.ERROR: Attempt to upload failed. Did not meet upload requirements. [] []
[2020-11-24T00:10:59.119115+00:00] upload_logger.NOTICE: Attempting to upload  [] []
[2020-11-24T00:10:59.120479+00:00] upload_logger.ERROR: File extension "" is not a supported format. [] []
[2020-11-24T00:10:59.120843+00:00] upload_logger.ERROR: Attempt to upload failed. Did not meet upload requirements. [] []
[2020-11-24T00:11:04.045729+00:00] upload_logger.NOTICE: Attempting to upload 30ogqt.jpg [] []
[2020-11-24T00:11:04.092482+00:00] upload_logger.NOTICE: Attempt to upload successful. [] []
[2020-11-24T00:11:09.866908+00:00] upload_logger.NOTICE: Attempting to upload 30ogqt.jpg [] []
[2020-11-24T00:11:09.930121+00:00] upload_logger.NOTICE: Attempt to upload successful. [] []
[2020-11-24T00:13:08.560947+00:00] upload_logger.NOTICE: Attempting to upload 30ogqt.jpg [] []
[2020-11-24T00:13:08.607687+00:00] upload_logger.NOTICE: Attempt to upload successful. [] []
[2020-11-24T00:13:14.961570+00:00] upload_logger.NOTICE: Attempting to upload 30ogqt.jpg [] []
[2020-11-24T00:13:15.010570+00:00] upload_logger.NOTICE: Attempt to upload successful. [] []
[2020-11-24T00:15:07.700697+00:00] upload_logger.NOTICE: Attempting to upload active_image.jpg [] []
[2020-11-24T00:15:07.707715+00:00] upload_logger.NOTICE: Attempt to upload successful. [] []
[2020-11-24T00:24:10.193829+00:00] upload_logger.NOTICE: Attempting to upload 30ogqt.jpg [] []
[2020-11-24T00:24:10.246610+00:00] upload_logger.NOTICE: Attempt to upload successful. [] []
[2020-11-24T00:24:32.500178+00:00] upload_logger.NOTICE: Attempting to upload active_image.jpg [] []
[2020-11-24T00:24:32.507307+00:00] upload_logger.NOTICE: Attempt to upload successful. [] []
[2020-11-24T01:25:41.022459+00:00] upload_logger.NOTICE: Attempting to upload 30ogqt.jpg [] []
[2020-11-24T01:25:41.070707+00:00] upload_logger.NOTICE: Attempt to upload successful. [] []
